<?xml version="1.0" encoding="UTF-8"?>
<testng-results skipped="0" failed="0" ignored="0" total="1" passed="1">
  <reporter-output>
  </reporter-output>
  <suite name="Default suite" duration-ms="17297" started-at="2019-12-31T14:04:46 IST" finished-at="2019-12-31T14:05:04 IST">
    <groups>
    </groups>
    <test name="Default test" duration-ms="17297" started-at="2019-12-31T14:04:46 IST" finished-at="2019-12-31T14:05:04 IST">
      <class name="com.anubhav.calculator.CalculatorTestingApium.Calculator2">
        <test-method status="PASS" signature="setUp()[pri:0, instance:com.anubhav.calculator.CalculatorTestingApium.Calculator2@6737fd8f]" name="setUp" is-config="true" duration-ms="11681" started-at="2019-12-31T14:04:47 IST" finished-at="2019-12-31T14:04:58 IST">
          <reporter-output>
          </reporter-output>
        </test-method> <!-- setUp -->
        <test-method status="PASS" signature="testCal()[pri:0, instance:com.anubhav.calculator.CalculatorTestingApium.Calculator2@6737fd8f]" name="testCal" duration-ms="5385" started-at="2019-12-31T14:04:58 IST" finished-at="2019-12-31T14:05:04 IST">
          <reporter-output>
          </reporter-output>
        </test-method> <!-- testCal -->
        <test-method status="PASS" signature="teardown()[pri:0, instance:com.anubhav.calculator.CalculatorTestingApium.Calculator2@6737fd8f]" name="teardown" is-config="true" duration-ms="180" started-at="2019-12-31T14:05:04 IST" finished-at="2019-12-31T14:05:04 IST">
          <reporter-output>
          </reporter-output>
        </test-method> <!-- teardown -->
      </class> <!-- com.anubhav.calculator.CalculatorTestingApium.Calculator2 -->
    </test> <!-- Default test -->
  </suite> <!-- Default suite -->
</testng-results>
